2023-03-07 17:45:48.378  INFO 28836 --- [main] c.one.filesearch.FilesearchApplication   : Starting FilesearchApplication using Java 19.0.2 on BRILAP2927 with PID 28836 (C:\Users\dharmendra.sharma\Downloads\poc\filesearch\filesearch\target\classes started by Dharmendra.Sharma in C:\Users\dharmendra.sharma\Downloads\poc\filesearch\filesearch)
2023-03-07 17:45:48.384  INFO 28836 --- [main] c.one.filesearch.FilesearchApplication   : No active profile set, falling back to 1 default profile: "default"
2023-03-07 17:45:50.175  INFO 28836 --- [main] o.s.b.w.embedded.tomcat.TomcatWebServer  : Tomcat initialized with port(s): 9191 (http)
2023-03-07 17:45:50.197  INFO 28836 --- [main] o.apache.catalina.core.StandardService   : Starting service [Tomcat]
2023-03-07 17:45:50.197  INFO 28836 --- [main] org.apache.catalina.core.StandardEngine  : Starting Servlet engine: [Apache Tomcat/9.0.71]
2023-03-07 17:45:50.404  INFO 28836 --- [main] o.a.c.c.C.[Tomcat].[localhost].[/]       : Initializing Spring embedded WebApplicationContext
2023-03-07 17:45:50.405  INFO 28836 --- [main] w.s.c.ServletWebServerApplicationContext : Root WebApplicationContext: initialization completed in 1887 ms
2023-03-07 17:45:51.007  INFO 28836 --- [main] o.s.b.w.embedded.tomcat.TomcatWebServer  : Tomcat started on port(s): 9191 (http) with context path ''
2023-03-07 17:45:51.019  INFO 28836 --- [main] c.one.filesearch.FilesearchApplication   : Started FilesearchApplication in 3.493 seconds (JVM running for 4.335)
2023-03-07 17:46:08.741  INFO 28836 --- [http-nio-9191-exec-1] o.a.c.c.C.[Tomcat].[localhost].[/]       : Initializing Spring DispatcherServlet 'dispatcherServlet'
2023-03-07 17:46:08.742  INFO 28836 --- [http-nio-9191-exec-1] o.s.web.servlet.DispatcherServlet        : Initializing Servlet 'dispatcherServlet'
2023-03-07 17:46:08.744  INFO 28836 --- [http-nio-9191-exec-1] o.s.web.servlet.DispatcherServlet        : Completed initialization in 1 ms
2023-03-07 17:46:08.797  INFO 28836 --- [http-nio-9191-exec-1] c.o.filesearch.controller.MyController   : GetDuplicates method is called
2023-03-07 17:46:08.797  INFO 28836 --- [http-nio-9191-exec-1] c.one.filesearch.service.MyServiceImpl   : getDuplicateWords() method is called in Service.class.
2023-03-07 17:46:08.802  INFO 28836 --- [http-nio-9191-exec-1] c.one.filesearch.service.MyServiceImpl   : Duplicate data list is returned successfully.
2023-03-07 17:46:08.803  INFO 28836 --- [http-nio-9191-exec-1] c.o.filesearch.controller.MyController   : Data extracted successfully from service class.
2023-03-07 17:55:30.049  INFO 19684 --- [main] c.one.filesearch.FilesearchApplication   : Starting FilesearchApplication using Java 19.0.2 on BRILAP2927 with PID 19684 (C:\Users\dharmendra.sharma\Downloads\poc\filesearch\filesearch\target\classes started by Dharmendra.Sharma in C:\Users\dharmendra.sharma\Downloads\poc\filesearch\filesearch)
2023-03-07 17:55:30.054  INFO 19684 --- [main] c.one.filesearch.FilesearchApplication   : No active profile set, falling back to 1 default profile: "default"
2023-03-07 17:55:31.830  INFO 19684 --- [main] o.s.b.w.embedded.tomcat.TomcatWebServer  : Tomcat initialized with port(s): 9191 (http)
2023-03-07 17:55:31.847  INFO 19684 --- [main] o.apache.catalina.core.StandardService   : Starting service [Tomcat]
2023-03-07 17:55:31.848  INFO 19684 --- [main] org.apache.catalina.core.StandardEngine  : Starting Servlet engine: [Apache Tomcat/9.0.71]
2023-03-07 17:55:32.059  INFO 19684 --- [main] o.a.c.c.C.[Tomcat].[localhost].[/]       : Initializing Spring embedded WebApplicationContext
2023-03-07 17:55:32.059  INFO 19684 --- [main] w.s.c.ServletWebServerApplicationContext : Root WebApplicationContext: initialization completed in 1881 ms
2023-03-07 17:55:32.665  INFO 19684 --- [main] o.s.b.w.embedded.tomcat.TomcatWebServer  : Tomcat started on port(s): 9191 (http) with context path ''
2023-03-07 17:55:32.682  INFO 19684 --- [main] c.one.filesearch.FilesearchApplication   : Started FilesearchApplication in 3.542 seconds (JVM running for 4.408)
2023-03-07 17:55:40.610  INFO 19684 --- [http-nio-9191-exec-1] o.a.c.c.C.[Tomcat].[localhost].[/]       : Initializing Spring DispatcherServlet 'dispatcherServlet'
2023-03-07 17:55:40.612  INFO 19684 --- [http-nio-9191-exec-1] o.s.web.servlet.DispatcherServlet        : Initializing Servlet 'dispatcherServlet'
2023-03-07 17:55:40.614  INFO 19684 --- [http-nio-9191-exec-1] o.s.web.servlet.DispatcherServlet        : Completed initialization in 2 ms
2023-03-07 17:55:40.666  INFO 19684 --- [http-nio-9191-exec-1] c.o.filesearch.controller.MyController   : GetDuplicates method is called
2023-03-07 17:55:40.666  INFO 19684 --- [http-nio-9191-exec-1] c.one.filesearch.service.MyServiceImpl   : getDuplicateWords() method is called in Service.class.
2023-03-07 17:55:40.671  INFO 19684 --- [http-nio-9191-exec-1] c.one.filesearch.service.MyServiceImpl   : Duplicate data list is returned successfully.
2023-03-07 17:55:40.672  INFO 19684 --- [http-nio-9191-exec-1] c.o.filesearch.controller.MyController   : Data extracted successfully from service class.
2023-03-07 17:55:44.983  INFO 19684 --- [http-nio-9191-exec-3] c.o.filesearch.controller.MyController   : GetDuplicates method is called
2023-03-07 17:55:44.989  INFO 19684 --- [http-nio-9191-exec-3] c.one.filesearch.service.MyServiceImpl   : getDuplicateWords() method is called in Service.class.
2023-03-07 17:55:45.006  INFO 19684 --- [http-nio-9191-exec-3] c.one.filesearch.service.MyServiceImpl   : Duplicate data list is returned successfully.
2023-03-07 17:55:45.006  INFO 19684 --- [http-nio-9191-exec-3] c.o.filesearch.controller.MyController   : Data extracted successfully from service class.
2023-03-07 18:02:51.539  INFO 5132 --- [main] c.one.filesearch.FilesearchApplication   : Starting FilesearchApplication using Java 19.0.2 on BRILAP2927 with PID 5132 (C:\Users\dharmendra.sharma\Downloads\poc\filesearch\filesearch\target\classes started by Dharmendra.Sharma in C:\Users\dharmendra.sharma\Downloads\poc\filesearch\filesearch)
2023-03-07 18:02:51.546  INFO 5132 --- [main] c.one.filesearch.FilesearchApplication   : No active profile set, falling back to 1 default profile: "default"
2023-03-07 18:02:53.595  INFO 5132 --- [main] o.s.b.w.embedded.tomcat.TomcatWebServer  : Tomcat initialized with port(s): 9191 (http)
2023-03-07 18:02:53.615  INFO 5132 --- [main] o.apache.catalina.core.StandardService   : Starting service [Tomcat]
2023-03-07 18:02:53.616  INFO 5132 --- [main] org.apache.catalina.core.StandardEngine  : Starting Servlet engine: [Apache Tomcat/9.0.71]
2023-03-07 18:02:53.823  INFO 5132 --- [main] o.a.c.c.C.[Tomcat].[localhost].[/]       : Initializing Spring embedded WebApplicationContext
2023-03-07 18:02:53.824  INFO 5132 --- [main] w.s.c.ServletWebServerApplicationContext : Root WebApplicationContext: initialization completed in 2144 ms
2023-03-07 18:02:54.368  INFO 5132 --- [main] o.s.b.w.embedded.tomcat.TomcatWebServer  : Tomcat started on port(s): 9191 (http) with context path ''
2023-03-07 18:02:54.380  INFO 5132 --- [main] c.one.filesearch.FilesearchApplication   : Started FilesearchApplication in 3.789 seconds (JVM running for 4.606)
2023-03-07 18:03:01.441  INFO 5132 --- [http-nio-9191-exec-1] o.a.c.c.C.[Tomcat].[localhost].[/]       : Initializing Spring DispatcherServlet 'dispatcherServlet'
2023-03-07 18:03:01.443  INFO 5132 --- [http-nio-9191-exec-1] o.s.web.servlet.DispatcherServlet        : Initializing Servlet 'dispatcherServlet'
2023-03-07 18:03:01.446  INFO 5132 --- [http-nio-9191-exec-1] o.s.web.servlet.DispatcherServlet        : Completed initialization in 2 ms
2023-03-07 18:03:01.494  INFO 5132 --- [http-nio-9191-exec-1] c.o.filesearch.controller.MyController   : GetDuplicates method is called
2023-03-07 18:03:01.495  INFO 5132 --- [http-nio-9191-exec-1] c.one.filesearch.service.MyServiceImpl   : getDuplicateWords() method is called in Service.class.
2023-03-07 18:03:01.499  INFO 5132 --- [http-nio-9191-exec-1] c.one.filesearch.service.MyServiceImpl   : Duplicate data list is returned successfully.
2023-03-07 18:03:01.500  INFO 5132 --- [http-nio-9191-exec-1] c.o.filesearch.controller.MyController   : Data extracted successfully from service class.
